Determining if the pthread_create exist failed with the following output:
Change Dir: /home/calvon/tf_ws/build/CMakeFiles/CMakeTmp

Run Build Command:"/usr/bin/make" "cmTC_381e9/fast"
/usr/bin/make -f CMakeFiles/cmTC_381e9.dir/build.make CMakeFiles/cmTC_381e9.dir/build
make[1]: Entering directory '/home/calvon/tf_ws/build/CMakeFiles/CMakeTmp'
Building C object CMakeFiles/cmTC_381e9.dir/CheckSymbolExists.c.o
/usr/bin/cc     -o CMakeFiles/cmTC_381e9.dir/CheckSymbolExists.c.o   -c /home/calvon/tf_ws/build/CMakeFiles/CMakeTmp/CheckSymbolExists.c
Linking C executable cmTC_381e9
/usr/bin/cmake -E cmake_link_script CMakeFiles/cmTC_381e9.dir/link.txt --verbose=1
/usr/bin/cc       CMakeFiles/cmTC_381e9.dir/CheckSymbolExists.c.o  -o cmTC_381e9 -rdynamic 
CMakeFiles/cmTC_381e9.dir/CheckSymbolExists.c.o: In function `main':
CheckSymbolExists.c:(.text+0x16): undefined reference to `pthread_create'
collect2: error: ld returned 1 exit status
CMakeFiles/cmTC_381e9.dir/build.make:97: recipe for target 'cmTC_381e9' failed
make[1]: *** [cmTC_381e9] Error 1
make[1]: Leaving directory '/home/calvon/tf_ws/build/CMakeFiles/CMakeTmp'
Makefile:126: recipe for target 'cmTC_381e9/fast' failed
make: *** [cmTC_381e9/fast] Error 2

File /home/calvon/tf_ws/build/CMakeFiles/CMakeTmp/CheckSymbolExists.c:
/* */
#include <pthread.h>

int main(int argc, char** argv)
{
  (void)argv;
#ifndef pthread_create
  return ((int*)(&pthread_create))[argc];
#else
  (void)argc;
  return 0;
#endif
}

Determining if the function pthread_create exists in the pthreads failed with the following output:
Change Dir: /home/calvon/tf_ws/build/CMakeFiles/CMakeTmp

Run Build Command:"/usr/bin/make" "cmTC_bbddd/fast"
/usr/bin/make -f CMakeFiles/cmTC_bbddd.dir/build.make CMakeFiles/cmTC_bbddd.dir/build
make[1]: Entering directory '/home/calvon/tf_ws/build/CMakeFiles/CMakeTmp'
Building C object CMakeFiles/cmTC_bbddd.dir/CheckFunctionExists.c.o
/usr/bin/cc    -DCHECK_FUNCTION_EXISTS=pthread_create   -o CMakeFiles/cmTC_bbddd.dir/CheckFunctionExists.c.o   -c /usr/share/cmake-3.5/Modules/CheckFunctionExists.c
Linking C executable cmTC_bbddd
/usr/bin/cmake -E cmake_link_script CMakeFiles/cmTC_bbddd.dir/link.txt --verbose=1
/usr/bin/cc   -DCHECK_FUNCTION_EXISTS=pthread_create    CMakeFiles/cmTC_bbddd.dir/CheckFunctionExists.c.o  -o cmTC_bbddd -rdynamic -lpthreads 
/usr/bin/ld: cannot find -lpthreads
collect2: error: ld returned 1 exit status
CMakeFiles/cmTC_bbddd.dir/build.make:97: recipe for target 'cmTC_bbddd' failed
make[1]: *** [cmTC_bbddd] Error 1
make[1]: Leaving directory '/home/calvon/tf_ws/build/CMakeFiles/CMakeTmp'
Makefile:126: recipe for target 'cmTC_bbddd/fast' failed
make: *** [cmTC_bbddd/fast] Error 2


